open log: Tue Jun 16 13:04:07 2026

*** Core Init ***
OS Installed: Linux
CPU Speed: 0.00
objects 'mem_pool_16' reserved: 100/100
objects 'mem_pool_32' reserved: 100/100
objects 'mem_pool_64' reserved: 100/100
objects 'mem_pool_128' reserved: 100/100
objects 'mem_pool_256' reserved: 100/100
objects 'mem_pool_512' reserved: 100/100
objects 'mem_pool_1024' reserved: 100/100
...memory pool initialized
...enum packs
WARNING: packs not found!
*** Core Started ***
...Starting engine
...registering renderer vars
##### Init Desktop #####
============================================
*            Init Sound Subsystem          *
============================================
create AL context
use context
---------- OpenAL info -----------
version: 1.1
renderer: Software
vendor: Creative Labs Inc.
extensions: EAX EAX2.0 EAX3.0 EAX4.0 EAX5.0 EAX3.0EMULATED EAX4.0EMULATED AL_EXT_OFFSET AL_EXT_LINEAR_DISTANCE AL_EXT_EXPONENT_DISTANCE
----------------------------------
... 32 sources used
*****************************************
+       initializing GL renderer        +
*****************************************
stencil bits: 8
GL Vendor: ATI Technologies Inc.
GL Renderer: AMD Radeon(TM) Graphics
GL Version: OpenGL ES 3.2.0 23.19.16.02.240814 
...initializing GL vertex buffer
...creating GLSL program: default/rs/gles3/vertex.vert+default/rs/gles3/pixel.frag
...loading GLSL: default/rs/gles3/vertex.vert
...loading GLSL: default/rs/gles3/pixel.frag
Init GL extension: GL_framebuffer_object
Max render buffer size: 16384
Applying window mode: 2400x1333
Applying display mode: 2400x1333...
Monitor content scale: 1.000000x1.000000
DONE
...initializing GL vertex buffer
...initializing GL vertex buffer
...initializing GL vertex buffer
loading font: default/sys-font.fnt
...creating texture: default/sys-font_0.png
...loading bitmap data: default/sys-font_0.png
...allocated console buffer, chunk size: 1048576
init console
...creating texture: default/console.jpg
...loading shader: default/rs/gui.ggrs
...loading shader: default/rs/gui_clamp.ggrs
...creating texture: default/keys/back-space.png
...loading bitmap data: default/keys/back-space.png
...creating texture: default/keys/enter.png
...loading bitmap data: default/keys/enter.png
...creating texture: default/keys/shift.png
...loading bitmap data: default/keys/shift.png
### Initialize particles cache ###
particles reserved amount: 2000/2000
################### Init SceneViewer ###################
sv model created
WARNING: overriding layout builder: layoutRef
...creating texture: default/editor/back.jpg
Loading model: editor.ggml
...destroy scenes cache
Loading project from folder: C:/Projects/HeliumRush/Resources
WARNING: can't open file 'C:/Projects/HeliumRush/Resources/custom_visuals.ggml'
WARNING: file desc not found in packs 'C:/Projects/HeliumRush/Resources/custom_visuals.ggml'!
Loading scenes cache from folder: C:/Projects/HeliumRush/Resources
Found layout file: C:/Projects/HeliumRush/Resources/default/viewer/main.layout
Found layout file: C:/Projects/HeliumRush/Resources/layouts/background.layout
Found layout file: C:/Projects/HeliumRush/Resources/layouts/Res_AchievementPanel.layout
Found layout file: C:/Projects/HeliumRush/Resources/layouts/Res_AchievementsPopup.layout
Found layout file: C:/Projects/HeliumRush/Resources/layouts/Res_AddPoints.layout
Found layout file: C:/Projects/HeliumRush/Resources/layouts/Res_AirSupportTipsPopup.layout
Found layout file: C:/Projects/HeliumRush/Resources/layouts/Res_AirSupportWarning.layout
Found layout file: C:/Projects/HeliumRush/Resources/layouts/Res_Background.layout
Found layout file: C:/Projects/HeliumRush/Resources/layouts/Res_Ball.layout
Found layout file: C:/Projects/HeliumRush/Resources/layouts/Res_Bomb.layout
Found layout file: C:/Projects/HeliumRush/Resources/layouts/Res_Bubble.layout
Found layout file: C:/Projects/HeliumRush/Resources/layouts/Res_DevSplashScreen.layout
Found layout file: C:/Projects/HeliumRush/Resources/layouts/Res_GamePoints.layout
Found layout file: C:/Projects/HeliumRush/Resources/layouts/Res_Grenade.layout
Found layout file: C:/Projects/HeliumRush/Resources/layouts/Res_LevelCompleted.layout
Found layout file: C:/Projects/HeliumRush/Resources/layouts/Res_LevelFailPopup.layout
Found layout file: C:/Projects/HeliumRush/Resources/layouts/Res_LevelSelectPopup.layout
Found layout file: C:/Projects/HeliumRush/Resources/layouts/Res_MessagePopup.layout
Found layout file: C:/Projects/HeliumRush/Resources/layouts/Res_PausePopup.layout
Found layout file: C:/Projects/HeliumRush/Resources/layouts/Res_RateQueryPopup.layout
Found layout file: C:/Projects/HeliumRush/Resources/layouts/Res_Rubik.layout
Found layout file: C:/Projects/HeliumRush/Resources/layouts/Res_ShareForBombPopup.layout
Found layout file: C:/Projects/HeliumRush/Resources/layouts/Res_Shoes.layout
Found layout file: C:/Projects/HeliumRush/Resources/layouts/Res_ShopItem.layout
Found layout file: C:/Projects/HeliumRush/Resources/layouts/Res_ShopPopup.layout
Found layout file: C:/Projects/HeliumRush/Resources/layouts/Res_StartScreen.layout
Found layout file: C:/Projects/HeliumRush/Resources/layouts/Res_StatusBar.layout
Found layout file: C:/Projects/HeliumRush/Resources/layouts/Res_StoneBig.layout
Found layout file: C:/Projects/HeliumRush/Resources/layouts/Res_StoneSmall.layout
Found layout file: C:/Projects/HeliumRush/Resources/layouts/Res_TutorHint.layout
Found layout file: C:/Projects/HeliumRush/Resources/layouts/Res_Weight.layout
Found layout file: C:/Projects/HeliumRush/Resources/layouts/Res_Zombie.layout
Found layout file: C:/Projects/HeliumRush/Resources/layouts/test_movie.layout
Found layout file: C:/Projects/HeliumRush/Resources/layouts/ZombieRagdoll.layout
Found layout file: C:/Projects/HeliumRush/Resources/tests/layouts/container.layout
Found layout file: C:/Projects/HeliumRush/Resources/tests/layouts/image.layout
Found layout file: C:/Projects/HeliumRush/Resources/tests/layouts/sprite9.layout
Loading model: C:/Projects/HeliumRush/Resources/user.ggml
scene cached: C:/Projects/HeliumRush/Resources/layouts/ZombieRagdoll.layout
...loading stencil state: default/rs/mask.ggss
...loading stencil state: default/rs/masked.ggss
...initializing GL vertex buffer
...loading bitmap data: default/editor/back.jpg
Layout updated
Layout updated
Layout updated
Layout updated
Layout updated
Layout updated
Layout updated
WARNING: Memory allocations in game loop: 74439
WARNING: Memory allocations in game loop: 2
WARNING: Memory allocations in game loop: 1
Selected: C:/Projects/HeliumRush/Resources/layouts/test_movie.layout
...creating texture: C:/Projects/HeliumRush/Resources/atlases/atlas00.png
...loading bitmap data: C:/Projects/HeliumRush/Resources/atlases/atlas00.png
scene cached: C:/Projects/HeliumRush/Resources/layouts/test_movie.layout
WARNING: Memory allocations in game loop: 182
Selected: C:/Projects/HeliumRush/Resources/layouts/background.layout
...creating texture: C:/Projects/HeliumRush/Resources/atlases/atlas01.png
...loading bitmap data: C:/Projects/HeliumRush/Resources/atlases/atlas01.png
scene cached: C:/Projects/HeliumRush/Resources/layouts/background.layout
WARNING: Memory allocations in game loop: 260
WARNING: Memory allocations in game loop: 154
WARNING: Memory allocations in game loop: 1
WARNING: Memory allocations in game loop: 2
WARNING: Memory allocations in game loop: 1
WARNING: Memory allocations in game loop: 1
WARNING: Memory allocations in game loop: 1
WARNING: Memory allocations in game loop: 2
WARNING: Memory allocations in game loop: 1
WARNING: Memory allocations in game loop: 1
WARNING: Memory allocations in game loop: 1
WARNING: Memory allocations in game loop: 1
WARNING: Memory allocations in game loop: 1
WARNING: Memory allocations in game loop: 1
WARNING: Memory allocations in game loop: 1
WARNING: Memory allocations in game loop: 2
WARNING: Memory allocations in game loop: 148
WARNING: Memory allocations in game loop: 148
WARNING: Memory allocations in game loop: 1
Selected: C:/Projects/HeliumRush/Resources/layouts/ZombieRagdoll.layout
WARNING: Memory allocations in game loop: 133
WARNING: Memory allocations in game loop: 14
WARNING: Memory allocations in game loop: 12500
click: C:/Projects/HeliumRush/Resources/layouts/Res_Zombie.layout
WARNING: Memory allocations in game loop: 147
click: C:/Projects/HeliumRush/Resources/layouts/Res_Zombie.layout
Selected: C:/Projects/HeliumRush/Resources/layouts/Res_Zombie.layout
...creating texture: C:/Projects/HeliumRush/Resources/atlases/atlas00.png
...loading bitmap data: C:/Projects/HeliumRush/Resources/atlases/atlas00.png
...loading shader: C:/Projects/HeliumRush/Resources/default/rs/sprite_pma.ggrs
...creating texture: C:/Projects/HeliumRush/Resources/atlases/atlas01.png
...loading bitmap data: C:/Projects/HeliumRush/Resources/atlases/atlas01.png
Visual ref updated: C:/Projects/HeliumRush/Resources/layouts/Res_Zombie.layout
WARNING: Memory allocations in game loop: 127
WARNING: Memory allocations in game loop: 294
WARNING: Memory allocations in game loop: 1
WARNING: Memory allocations in game loop: 1
WARNING: Memory allocations in game loop: 1
WARNING: Memory allocations in game loop: 1
WARNING: Memory allocations in game loop: 2
WARNING: Memory allocations in game loop: 1
Selected: C:/Projects/HeliumRush/Resources/layouts/Res_Zombie.layout
scene cached: C:/Projects/HeliumRush/Resources/layouts/Res_Zombie.layout
WARNING: Memory allocations in game loop: 216
Selected: C:/Projects/HeliumRush/Resources/layouts/ZombieRagdoll.layout
Visual ref updated: C:/Projects/HeliumRush/Resources/layouts/Res_Zombie.layout
WARNING: Memory allocations in game loop: 215
WARNING: Memory allocations in game loop: 1
Selected: C:/Projects/HeliumRush/Resources/tests/layouts/container.layout
...creating texture: C:/Projects/HeliumRush/Resources/tests/background.jpg
...loading bitmap data: C:/Projects/HeliumRush/Resources/tests/background.jpg
...loading shader: C:/Projects/HeliumRush/Resources/default/rs/gui.ggrs
loading font: C:/Projects/HeliumRush/Resources/tests/fonts/bmfont.fnt
...creating texture: C:/Projects/HeliumRush/Resources/tests/fonts/bmfont_0.png
...loading bitmap data: C:/Projects/HeliumRush/Resources/tests/fonts/bmfont_0.png
Visual ref updated: C:/Projects/HeliumRush/Resources/tests/layouts/image.layout
...loading particles behaviour: C:/Projects/HeliumRush/Resources/tests/particles/point.ggps
...initializing GL vertex buffer
...creating texture: C:/Projects/HeliumRush/Resources/tests/particle.jpg
...loading shader: C:/Projects/HeliumRush/Resources/default/rs/gui_add.ggrs
scene cached: C:/Projects/HeliumRush/Resources/tests/layouts/container.layout
Visual ref updated: C:/Projects/HeliumRush/Resources/tests/layouts/image.layout
WARNING: Memory allocations in game loop: 410
...loading bitmap data: C:/Projects/HeliumRush/Resources/tests/particle.jpg
WARNING: Memory allocations in game loop: 10
WARNING: Memory allocations in game loop: 2
Selected: C:/Projects/HeliumRush/Resources/layouts/background.layout
WARNING: Memory allocations in game loop: 133
WARNING: Memory allocations in game loop: 13
...initializing GL vertex buffer
WARNING: Memory allocations in game loop: 3
...creating texture: default/editor/drag-point.png
...loading shader: default/rs/sprite_pma.ggrs
...loading bitmap data: default/editor/drag-point.png
WARNING: Memory allocations in game loop: 32
WARNING: Memory allocations in game loop: 1
WARNING: Memory allocations in game loop: 1
WARNING: Memory allocations in game loop: 1
WARNING: Memory allocations in game loop: 1
WARNING: Memory allocations in game loop: 1
WARNING: Memory allocations in game loop: 1
WARNING: Memory allocations in game loop: 1
WARNING: Memory allocations in game loop: 1
WARNING: Memory allocations in game loop: 1
WARNING: Memory allocations in game loop: 1
WARNING: Memory allocations in game loop: 1
WARNING: Memory allocations in game loop: 1
WARNING: Memory allocations in game loop: 1
WARNING: Memory allocations in game loop: 148
WARNING: Memory allocations in game loop: 148
WARNING: Memory allocations in game loop: 148
WARNING: Memory allocations in game loop: 1
WARNING: Memory allocations in game loop: 1
WARNING: Memory allocations in game loop: 1
WARNING: Memory allocations in game loop: 1
WARNING: Memory allocations in game loop: 1
WARNING: Memory allocations in game loop: 148
WARNING: Memory allocations in game loop: 1
WARNING: Memory allocations in game loop: 1
WARNING: Memory allocations in game loop: 1
WARNING: Memory allocations in game loop: 1
WARNING: Memory allocations in game loop: 1
WARNING: Memory allocations in game loop: 1
WARNING: Memory allocations in game loop: 1
WARNING: Memory allocations in game loop: 1
WARNING: Memory allocations in game loop: 2
WARNING: Memory allocations in game loop: 1
WARNING: Memory allocations in game loop: 1
WARNING: Memory allocations in game loop: 1
WARNING: Memory allocations in game loop: 1
WARNING: Memory allocations in game loop: 2
...initializing GL vertex buffer
WARNING: Memory allocations in game loop: 3
WARNING: Memory allocations in game loop: 4
WARNING: Memory allocations in game loop: 1
WARNING: Memory allocations in game loop: 1
WARNING: Memory allocations in game loop: 1
WARNING: Memory allocations in game loop: 1
WARNING: Memory allocations in game loop: 1
WARNING: Memory allocations in game loop: 1
WARNING: Memory allocations in game loop: 1
WARNING: Memory allocations in game loop: 1
WARNING: Memory allocations in game loop: 1
WARNING: Memory allocations in game loop: 1
WARNING: Memory allocations in game loop: 1
WARNING: Memory allocations in game loop: 1
WARNING: Memory allocations in game loop: 1
WARNING: Memory allocations in game loop: 1
WARNING: Memory allocations in game loop: 1
WARNING: Memory allocations in game loop: 1
WARNING: Memory allocations in game loop: 1
WARNING: Memory allocations in game loop: 1
WARNING: Memory allocations in game loop: 1
...initializing GL vertex buffer
WARNING: Memory allocations in game loop: 3
WARNING: Memory allocations in game loop: 1
WARNING: Memory allocations in game loop: 1
WARNING: Memory allocations in game loop: 1
WARNING: Memory allocations in game loop: 1
WARNING: Memory allocations in game loop: 1
WARNING: Memory allocations in game loop: 1
WARNING: Memory allocations in game loop: 1
WARNING: Memory allocations in game loop: 1
WARNING: Memory allocations in game loop: 1
WARNING: Memory allocations in game loop: 1
WARNING: Memory allocations in game loop: 1
WARNING: Memory allocations in game loop: 1
WARNING: Memory allocations in game loop: 1
WARNING: Memory allocations in game loop: 1
WARNING: Memory allocations in game loop: 1
WARNING: Memory allocations in game loop: 1
WARNING: Memory allocations in game loop: 1
WARNING: Memory allocations in game loop: 1
WARNING: Memory allocations in game loop: 1
WARNING: Memory allocations in game loop: 1
WARNING: Memory allocations in game loop: 1
WARNING: Memory allocations in game loop: 1
WARNING: Memory allocations in game loop: 1
WARNING: Memory allocations in game loop: 1
WARNING: Memory allocations in game loop: 1
WARNING: Memory allocations in game loop: 1
WARNING: Memory allocations in game loop: 1
WARNING: Memory allocations in game loop: 1
WARNING: Memory allocations in game loop: 1
WARNING: Memory allocations in game loop: 1
WARNING: Memory allocations in game loop: 1
WARNING: Memory allocations in game loop: 172
WARNING: Memory allocations in game loop: 14873
click: C:/Projects/HeliumRush/Resources/atlases/atlas01.png
WARNING: Memory allocations in game loop: 1
WARNING: Memory allocations in game loop: 147
click: C:/Projects/HeliumRush/Resources/atlases/atlas01.png
WARNING: Memory allocations in game loop: 1
click: C:/Projects/HeliumRush/Resources/default/console.jpg
...creating texture: C:/Projects/HeliumRush/Resources/default/console.jpg
...loading bitmap data: C:/Projects/HeliumRush/Resources/default/console.jpg
WARNING: Memory allocations in game loop: 16
WARNING: Memory allocations in game loop: 147
click: C:/Projects/HeliumRush/Resources/default/editor/back.jpg
...creating texture: C:/Projects/HeliumRush/Resources/default/editor/back.jpg
...loading bitmap data: C:/Projects/HeliumRush/Resources/default/editor/back.jpg
WARNING: Memory allocations in game loop: 16
WARNING: Memory allocations in game loop: 159
click: C:/Projects/HeliumRush/Resources/default/gizmos/lamp.png
...creating texture: C:/Projects/HeliumRush/Resources/default/gizmos/lamp.png
...loading bitmap data: C:/Projects/HeliumRush/Resources/default/gizmos/lamp.png
WARNING: Memory allocations in game loop: 16
WARNING: Memory allocations in game loop: 159
click: C:/Projects/HeliumRush/Resources/default/keys/back-space.png
...creating texture: C:/Projects/HeliumRush/Resources/default/keys/back-space.png
...loading bitmap data: C:/Projects/HeliumRush/Resources/default/keys/back-space.png
WARNING: Memory allocations in game loop: 16
WARNING: Memory allocations in game loop: 159
click: C:/Projects/HeliumRush/Resources/default/keys/enter.png
...creating texture: C:/Projects/HeliumRush/Resources/default/keys/enter.png
...loading bitmap data: C:/Projects/HeliumRush/Resources/default/keys/enter.png
WARNING: Memory allocations in game loop: 16
WARNING: Memory allocations in game loop: 159
click: C:/Projects/HeliumRush/Resources/fnt/akaDylan_Plain_30_ffffff_glow_0.png
...creating texture: C:/Projects/HeliumRush/Resources/fnt/akaDylan_Plain_30_ffffff_glow_0.png
...loading bitmap data: C:/Projects/HeliumRush/Resources/fnt/akaDylan_Plain_30_ffffff_glow_0.png
WARNING: Memory allocations in game loop: 16
WARNING: Memory allocations in game loop: 147
click: C:/Projects/HeliumRush/Resources/fnt/akaDylan_Plain_25_ffffff_glow_0.png
...creating texture: C:/Projects/HeliumRush/Resources/fnt/akaDylan_Plain_25_ffffff_glow_0.png
...loading bitmap data: C:/Projects/HeliumRush/Resources/fnt/akaDylan_Plain_25_ffffff_glow_0.png
WARNING: Memory allocations in game loop: 16
WARNING: Memory allocations in game loop: 147
click: C:/Projects/HeliumRush/Resources/fnt/akaDylan_Plain_30_ffffff_glow_0.png
WARNING: Memory allocations in game loop: 1
WARNING: Memory allocations in game loop: 147
click: C:/Projects/HeliumRush/Resources/fnt/akaDylan_Plain_30_ffffff_glow_0.png
Selected: C:/Projects/HeliumRush/Resources/fnt/akaDylan_Plain_30_ffffff_glow_0.png
WARNING: Memory allocations in game loop: 2
WARNING: Memory allocations in game loop: 294
WARNING: Memory allocations in game loop: 1
...creating texture: C:/Projects/HeliumRush/Resources/fnt/akaDylan_Plain_30_ffffff_glow_0.png
WARNING: Memory allocations in game loop: 174
...loading bitmap data: C:/Projects/HeliumRush/Resources/fnt/akaDylan_Plain_30_ffffff_glow_0.png
WARNING: Memory allocations in game loop: 10
WARNING: Memory allocations in game loop: 160
WARNING: Memory allocations in game loop: 169
WARNING: Memory allocations in game loop: 159
----------------------------------------********** Shutting Down App ***********
----------------------------------------
...writing config 'scene_viewer.cfg'
################### Release SceneViewer ###################
Saving model: editor.ggml
Saving project user state to folder: C:/Projects/HeliumRush/Resources
Saving model: C:/Projects/HeliumRush/Resources/user.ggml
...destroy scenes cache
...releasing undo service
### Releasing particles cache ###
destroyed particles: 2000
...assets context destroyed
...releasing texture: default/keys/back-space.png
...releasing texture: default/keys/enter.png
...releasing texture: default/keys/shift.png
...releasing stencil state: default/rs/mask.ggss
...releasing stencil state: default/rs/masked.ggss
shutdown console
...releasing texture: default/console.jpg
...released console buffer, chunks: 1
...releasing font: C:/Projects/HeliumRush/Resources/tests/fonts/bmfont.fnt
...releasing texture: C:/Projects/HeliumRush/Resources/tests/fonts/bmfont_0.png
...releasing font: default/sys-font.fnt
...releasing texture: default/sys-font_0.png
*****************************************
+         releasing GL renderer         +
*****************************************
...releasing shaders
...releasing GLSL programs
...unloading GLSL: default/rs/gles3/pixel.frag
...unloading GLSL: default/rs/gles3/vertex.vert
...releasing textures
...releasing texture: C:/Projects/HeliumRush/Resources/atlases/atlas00.png
...releasing texture: C:/Projects/HeliumRush/Resources/atlases/atlas00.png
...releasing texture: C:/Projects/HeliumRush/Resources/atlases/atlas01.png
...releasing texture: C:/Projects/HeliumRush/Resources/atlases/atlas01.png
...releasing texture: C:/Projects/HeliumRush/Resources/default/console.jpg
...releasing texture: C:/Projects/HeliumRush/Resources/default/editor/back.jpg
...releasing texture: C:/Projects/HeliumRush/Resources/default/gizmos/lamp.png
...releasing texture: C:/Projects/HeliumRush/Resources/default/keys/back-space.png
...releasing texture: C:/Projects/HeliumRush/Resources/default/keys/enter.png
...releasing texture: C:/Projects/HeliumRush/Resources/fnt/akaDylan_Plain_25_ffffff_glow_0.png
...releasing texture: C:/Projects/HeliumRush/Resources/fnt/akaDylan_Plain_30_ffffff_glow_0.png
...releasing texture: C:/Projects/HeliumRush/Resources/fnt/akaDylan_Plain_30_ffffff_glow_0.png
...releasing texture: C:/Projects/HeliumRush/Resources/tests/background.jpg
...releasing texture: C:/Projects/HeliumRush/Resources/tests/particle.jpg
...releasing texture: default/editor/back.jpg
...releasing texture: default/editor/drag-point.png
...releasing render textures
...releasing vertex buffers: 5
...releasing stencil state: 
============================================
*           Release Sound Subsystem        *
============================================
...free sources
...delete buffers
...destroy context
...close device

##### Release Desktop #####
...destroy window
*** Core Shutdown ***
...releasing memory pools
releasing objects pool 'mem_pool_16' of 100 items
releasing objects pool 'mem_pool_32' of 100 items
releasing objects pool 'mem_pool_64' of 100 items
releasing objects pool 'mem_pool_128' of 100 items
releasing objects pool 'mem_pool_256' of 100 items
releasing objects pool 'mem_pool_512' of 100 items
releasing objects pool 'mem_pool_1024' of 100 items
close log: Tue Jun 16 13:34:42 2026
